INFO 2019-10-03 15:02:49,757 people_analytics START PARSING
INFO 2019-10-03 15:02:49,758 people_analytics Loading /home/f4119597/Downloads/Arquivos_Finais/201910031133__0000000_A_1999999.csv
INFO 2019-10-03 15:02:50,061 people_analytics Found '645' units on 'MATRICULA_FUNCIONARIO' to process
INFO 2019-10-03 15:02:58,978 people_analytics Generated: '645'. Delta: '0'
INFO 2019-10-03 15:02:59,701 people_analytics Delivery rate 100.0%
INFO 2019-10-03 15:02:59,701 people_analytics Loading /home/f4119597/Downloads/Arquivos_Finais/201910031134__2000000_A_5999999.csv
INFO 2019-10-03 15:03:00,269 people_analytics Found '1305' units on 'MATRICULA_FUNCIONARIO' to process
INFO 2019-10-03 15:03:16,737 people_analytics START PARSING
INFO 2019-10-03 15:03:16,737 people_analytics Loading /home/f4119597/Downloads/Arquivos_Finais/201910031133__0000000_A_1999999.csv
INFO 2019-10-03 15:03:17,026 people_analytics Found '645' units on 'MATRICULA_FUNCIONARIO' to process
INFO 2019-10-03 15:03:26,576 people_analytics Generated: '645'. Delta: '0'
INFO 2019-10-03 15:03:27,514 people_analytics Delivery rate 100.0%
INFO 2019-10-03 15:03:27,514 people_analytics Loading /home/f4119597/Downloads/Arquivos_Finais/201910031134__2000000_A_5999999.csv
INFO 2019-10-03 15:03:28,125 people_analytics Found '1305' units on 'MATRICULA_FUNCIONARIO' to process
INFO 2019-10-03 15:03:54,265 people_analytics Generated: '1305'. Delta: '0'
INFO 2019-10-03 15:03:55,744 people_analytics Delivery rate 100.0%
INFO 2019-10-03 15:03:55,744 people_analytics Loading /home/f4119597/Downloads/Arquivos_Finais/201910031136__6000000_A_6999999.csv
INFO 2019-10-03 15:03:56,033 people_analytics Found '616' units on 'MATRICULA_FUNCIONARIO' to process
INFO 2019-10-03 15:04:04,830 people_analytics Generated: '616'. Delta: '0'
INFO 2019-10-03 15:04:05,585 people_analytics Delivery rate 100.0%
INFO 2019-10-03 15:04:05,585 people_analytics Loading /home/f4119597/Downloads/Arquivos_Finais/201910031137__7000000_A_8999999.csv
INFO 2019-10-03 15:04:05,917 people_analytics Found '741' units on 'MATRICULA_FUNCIONARIO' to process
INFO 2019-10-03 15:04:18,087 people_analytics Generated: '741'. Delta: '0'
INFO 2019-10-03 15:04:18,978 people_analytics Delivery rate 100.0%
INFO 2019-10-03 15:04:18,978 people_analytics Loading /home/f4119597/Downloads/Arquivos_Finais/201910031138__9000000_A_9999999.csv
INFO 2019-10-03 15:04:19,211 people_analytics Found '447' units on 'MATRICULA_FUNCIONARIO' to process
INFO 2019-10-03 15:04:25,668 people_analytics Generated: '447'. Delta: '0'
INFO 2019-10-03 15:04:26,233 people_analytics Delivery rate 100.0%
INFO 2019-10-03 15:04:26,234 people_analytics Runtime: 69.50 seconds
INFO 2019-10-03 15:04:26,234 people_analytics END PARSING
